
*** Running vivado
    with args -log design_1_microblaze_0_0.vds -m64 -product Vivado -mode batch -messageDb vivado.pb -notrace -source design_1_microblaze_0_0.tcl


****** Vivado v2017.1 (64-bit)
  **** SW Build 1846317 on Fri Apr 14 18:54:47 MDT 2017
  **** IP Build 1846188 on Fri Apr 14 20:52:08 MDT 2017
    ** Copyright 1986-2017 Xilinx, Inc. All Rights Reserved.

source design_1_microblaze_0_0.tcl -notrace
Starting RTL Elaboration : Time (s): cpu = 00:00:05 ; elapsed = 00:00:05 . Memory (MB): peak = 1188.941 ; gain = 73.004 ; free physical = 9685 ; free virtual = 21616
INFO: [Synth 8-638] synthesizing module 'design_1_microblaze_0_0' [/tp/xph3sle/xph3sle603/Security_lab/AES/synth/vivado/aes_ddr/aes_ddr.srcs/sources_1/bd/design_1/ip/design_1_microblaze_0_0/synth/design_1_microblaze_0_0.vhd:116]
INFO: [Synth 8-256] done synthesizing module 'design_1_microblaze_0_0' (52#1) [/tp/xph3sle/xph3sle603/Security_lab/AES/synth/vivado/aes_ddr/aes_ddr.srcs/sources_1/bd/design_1/ip/design_1_microblaze_0_0/synth/design_1_microblaze_0_0.vhd:116]
Finished RTL Elaboration : Time (s): cpu = 00:00:11 ; elapsed = 00:00:24 . Memory (MB): peak = 1488.172 ; gain = 372.234 ; free physical = 8522 ; free virtual = 20467
Finished RTL Optimization Phase 1 : Time (s): cpu = 00:00:12 ; elapsed = 00:00:36 . Memory (MB): peak = 1488.172 ; gain = 372.234 ; free physical = 8594 ; free virtual = 20544
INFO: [Device 21-403] Loading part xc7z010clg400-1
Constraint Validation Runtime : Time (s): cpu = 00:00:00.13 ; elapsed = 00:00:00.11 . Memory (MB): peak = 1813.570 ; gain = 1.000 ; free physical = 10390 ; free virtual = 22377
Finished Constraint Validation : Time (s): cpu = 00:00:29 ; elapsed = 00:01:09 . Memory (MB): peak = 1813.570 ; gain = 697.633 ; free physical = 10563 ; free virtual = 22551
Finished Loading Part and Timing Information : Time (s): cpu = 00:00:29 ; elapsed = 00:01:09 . Memory (MB): peak = 1813.570 ; gain = 697.633 ; free physical = 10563 ; free virtual = 22551
Finished applying 'set_property' XDC Constraints : Time (s): cpu = 00:00:29 ; elapsed = 00:01:09 . Memory (MB): peak = 1813.570 ; gain = 697.633 ; free physical = 10564 ; free virtual = 22553
Finished RTL Optimization Phase 2 : Time (s): cpu = 00:00:32 ; elapsed = 00:01:12 . Memory (MB): peak = 1813.570 ; gain = 697.633 ; free physical = 10097 ; free virtual = 22085
Finished Cross Boundary and Area Optimization : Time (s): cpu = 00:00:40 ; elapsed = 00:01:20 . Memory (MB): peak = 1813.570 ; gain = 697.633 ; free physical = 9044 ; free virtual = 21038
Finished Applying XDC Timing Constraints : Time (s): cpu = 00:00:46 ; elapsed = 00:01:26 . Memory (MB): peak = 1813.570 ; gain = 697.633 ; free physical = 8758 ; free virtual = 20747
Finished Timing Optimization : Time (s): cpu = 00:00:56 ; elapsed = 00:01:37 . Memory (MB): peak = 1813.570 ; gain = 697.633 ; free physical = 8129 ; free virtual = 20119
Finished Technology Mapping : Time (s): cpu = 00:00:57 ; elapsed = 00:01:38 . Memory (MB): peak = 1813.570 ; gain = 697.633 ; free physical = 10259 ; free virtual = 22249
Finished IO Insertion : Time (s): cpu = 00:00:58 ; elapsed = 00:01:39 . Memory (MB): peak = 1813.570 ; gain = 697.633 ; free physical = 10255 ; free virtual = 22245
Finished Renaming Generated Instances : Time (s): cpu = 00:00:58 ; elapsed = 00:01:39 . Memory (MB): peak = 1813.570 ; gain = 697.633 ; free physical = 10258 ; free virtual = 22248
Finished Rebuilding User Hierarchy : Time (s): cpu = 00:00:58 ; elapsed = 00:01:39 . Memory (MB): peak = 1813.570 ; gain = 697.633 ; free physical = 10257 ; free virtual = 22247
Finished Renaming Generated Ports : Time (s): cpu = 00:00:58 ; elapsed = 00:01:39 . Memory (MB): peak = 1813.570 ; gain = 697.633 ; free physical = 10257 ; free virtual = 22247
Finished Handling Custom Attributes : Time (s): cpu = 00:00:58 ; elapsed = 00:01:39 . Memory (MB): peak = 1813.570 ; gain = 697.633 ; free physical = 10257 ; free virtual = 22246
Finished Renaming Generated Nets : Time (s): cpu = 00:00:58 ; elapsed = 00:01:39 . Memory (MB): peak = 1813.570 ; gain = 697.633 ; free physical = 10257 ; free virtual = 22246

Report Cell Usage: 
+------+---------+------+
|      |Cell     |Count |
+------+---------+------+
|1     |AND2B1L  |     1|
|2     |LUT1     |    17|
|3     |LUT2     |   107|
|4     |LUT3     |   346|
|5     |LUT4     |   108|
|6     |LUT5     |   225|
|7     |LUT6     |   332|
|8     |LUT6_2   |    80|
|9     |MULT_AND |     1|
|10    |MUXCY_L  |   136|
|11    |MUXF7    |   108|
|12    |RAM32M   |    16|
|13    |SRL16E   |    89|
|14    |SRLC16E  |     8|
|15    |XORCY    |    94|
|16    |FDCE     |   143|
|17    |FDE      |    32|
|18    |FDR      |    87|
|19    |FDRE     |  1209|
|20    |FDS      |     1|
|21    |FDSE     |    36|
+------+---------+------+
Finished Writing Synthesis Report : Time (s): cpu = 00:00:58 ; elapsed = 00:01:39 . Memory (MB): peak = 1813.570 ; gain = 697.633 ; free physical = 10256 ; free virtual = 22246
synth_design: Time (s): cpu = 00:01:00 ; elapsed = 00:01:41 . Memory (MB): peak = 1813.570 ; gain = 710.215 ; free physical = 10315 ; free virtual = 22304
