12:12:40 INFO  : Registering command handlers for SDK TCF services
12:13:04 INFO  : Launching XSCT server: xsct -n -interactive /tp/xph3sle/xph3sle603/Security_lab/AES/synth/vivado/aes_ddr/aes_ddr.sdk/temp_xsdb_launch_script.tcl
12:13:07 INFO  : XSCT server has started successfully.
12:13:07 INFO  : Successfully done setting XSCT server connection channel  
12:13:09 INFO  : Successfully done setting SDK workspace  
12:13:09 INFO  : Processing command line option -hwspec /tp/xph3sle/xph3sle603/Security_lab/AES/synth/vivado/aes_ddr/aes_ddr.sdk/design_1_wrapper.hdf.
12:15:44 ERROR : (XSDB Server)ERROR: [Hsi 55-1545] Problem running tcl command ::sw_standalone_v6_2::post_generate : couldn't execute "mb-ar": no such file or directory
    while executing
"exec $archiver -d $libgloss_a _interrupt_handler.o"
    (procedure "::sw_standalone_v6_2::post_generate" line 18)
    invoked from within
"::sw_standalone_v6_2::post_generate standalone"
ERROR: [Hsi 55-1443] Error(s) while running TCL procedure post_generate()

12:15:44 ERROR : (XSDB Server)ERROR: [Hsi 55-1450] Error: running generate_bsp.

12:15:45 ERROR : Error generating bsp sources: Failed in generating sources
12:16:35 ERROR : (XSDB Server)ERROR: [Hsi 55-1545] Problem running tcl command ::sw_standalone_v6_2::post_generate : couldn't execute "mb-ar": no such file or directory
    while executing
"exec $archiver -d $libgloss_a _interrupt_handler.o"
    (procedure "::sw_standalone_v6_2::post_generate" line 18)
    invoked from within
"::sw_standalone_v6_2::post_generate standalone"

12:16:35 ERROR : (XSDB Server)ERROR: [Hsi 55-1443] Error(s) while running TCL procedure post_generate()

12:16:35 ERROR : (XSDB Server)ERROR: [Hsi 55-1450] Error: running generate_bsp.

12:16:35 ERROR : Error generating bsp sources: Failed in generating sources
12:17:12 ERROR : (XSDB Server)ERROR: [Hsi 55-1545] Problem running tcl command ::sw_standalone_v6_2::post_generate : couldn't execute "mb-ar": no such file or directory
    while executing
"exec $archiver -d $libgloss_a _interrupt_handler.o"
    (procedure "::sw_standalone_v6_2::post_generate" line 18)
    invoked from within
"::sw_standalone_v6_2::post_generate standalone"

12:17:12 ERROR : (XSDB Server)ERROR: [Hsi 55-1443] Error(s) while running TCL procedure post_generate()

12:17:12 ERROR : (XSDB Server)ERROR: [Hsi 55-1450] Error: running generate_bsp.

12:17:13 ERROR : Error generating bsp sources: Failed in generating sources
12:29:59 INFO  : Launching XSCT server: xsct -n -interactive /tp/xph3sle/xph3sle603/Security_lab/AES/synth/vivado/aes_ddr/aes_ddr.sdk/temp_xsdb_launch_script.tcl
12:30:00 INFO  : XSCT server has started successfully.
12:30:00 INFO  : Successfully done setting XSCT server connection channel  
12:30:00 INFO  : Successfully done setting SDK workspace  
12:30:01 INFO  : Registering command handlers for SDK TCF services
12:30:03 INFO  : Processing command line option -hwspec /tp/xph3sle/xph3sle603/Security_lab/AES/synth/vivado/aes_ddr/aes_ddr.sdk/design_1_wrapper.hdf.
12:30:03 INFO  : Checking for hwspec changes in the project design_1_wrapper_hw_platform_0.
12:30:03 INFO  : SDK has detected change in the last modified timestamps for source hardware specification file Source:1511177306000,  Project:1511176183000
12:30:03 INFO  : The hardware specification for project 'design_1_wrapper_hw_platform_0' is different from /tp/xph3sle/xph3sle603/Security_lab/AES/synth/vivado/aes_ddr/aes_ddr.sdk/design_1_wrapper.hdf.
12:30:03 INFO  : Copied contents of /tp/xph3sle/xph3sle603/Security_lab/AES/synth/vivado/aes_ddr/aes_ddr.sdk/design_1_wrapper.hdf into /design_1_wrapper_hw_platform_0/system.hdf.
12:30:04 INFO  : Synchronizing projects in the workspace with the hardware platform specification changes.
12:30:04 INFO  : Clearing existing target manager status.
12:30:14 INFO  : Workspace synchronized with the new hardware specification file. Cleaning dependent projects...
12:30:14 WARN  : Linker script will not be updated automatically. Users need to update it manually.
12:30:28 ERROR : Unexpected error while parsing XMD response ￿: com.google.gson.JsonSyntaxException: com.google.gson.stream.MalformedJsonException: invalid number or unquoted string near 
12:34:20 INFO  : Registering command handlers for SDK TCF services
12:34:21 INFO  : Launching XSCT server: xsct -n -interactive /tp/xph3sle/xph3sle603/Security_lab/AES/synth/vivado/aes_ddr/aes_ddr.sdk/temp_xsdb_launch_script.tcl
12:34:24 INFO  : XSCT server has started successfully.
12:34:25 INFO  : Successfully done setting XSCT server connection channel  
12:34:25 INFO  : Successfully done setting SDK workspace  
12:34:25 INFO  : Processing command line option -hwspec /tp/xph3sle/xph3sle603/Security_lab/AES/synth/vivado/aes_ddr/aes_ddr.sdk/design_1_wrapper.hdf.
12:34:25 INFO  : Checking for hwspec changes in the project design_1_wrapper_hw_platform_0.
