#-----------------------------------------------------------
# Vivado v2017.1 (64-bit)
# SW Build 1846317 on Fri Apr 14 18:54:47 MDT 2017
# IP Build 1846188 on Fri Apr 14 20:52:08 MDT 2017
# Start of session at: Mon Nov 20 12:22:38 2017
# Process ID: 8765
# Current directory: /tp/xph3sle/xph3sle603/Security_lab/AES
# Command line: vivado
# Log file: /tp/xph3sle/xph3sle603/Security_lab/AES/vivado.log
# Journal file: /tp/xph3sle/xph3sle603/Security_lab/AES/vivado.jou
#-----------------------------------------------------------
start_gui
open_project /tp/xph3sle/xph3sle603/Security_lab/AES/synth/vivado/aes_ddr/aes_ddr.xpr
Scanning sources...
Finished scanning sources
INFO: [IP_Flow 19-234] Refreshing IP repositories
INFO: [IP_Flow 19-1700] Loaded user IP repository '/tp/xph3sle/xph3sle603/Security_lab/AES/synth/vivado/ip_repo/aes_ddr_1.0'.
WARNING: [IP_Flow 19-2207] Repository '/tp/xph3sle/xph3sle603/Security_lab/AES/synth/vivado/ip_repo/aes_ddr_1.0' already exists; ignoring attempt to add it again.
INFO: [IP_Flow 19-1700] Loaded user IP repository '/tp/xph3sle/xph3sle603/Security_lab/AES/synth/vivado/ip_repo/aes_ddr_1.0'.
INFO: [IP_Flow 19-2313] Loaded Vivado IP repository '/softslin/vivado_17.1/Vivado/2017.1/data/ip'.
open_project: Time (s): cpu = 00:00:14 ; elapsed = 00:00:06 . Memory (MB): peak = 6179.660 ; gain = 238.152 ; free physical = 12300 ; free virtual = 24688
update_compile_order -fileset sources_1
reset_run synth_1
launch_runs synth_1 -jobs 8
[Mon Nov 20 12:23:54 2017] Launched synth_1...
Run output will be captured here: /tp/xph3sle/xph3sle603/Security_lab/AES/synth/vivado/aes_ddr/aes_ddr.runs/synth_1/runme.log
open_run synth_1 -name synth_1
Design is defaulting to impl run constrset: constrs_1
Design is defaulting to synth run part: xc7z010clg400-1
INFO: [Project 1-454] Reading design checkpoint '/tp/xph3sle/xph3sle603/Security_lab/AES/synth/vivado/aes_ddr/aes_ddr.srcs/sources_1/bd/design_1/ip/design_1_aes_ddr_1_0/design_1_aes_ddr_1_0.dcp' for cell 'design_1_i/aes_ddr_1'
INFO: [Project 1-454] Reading design checkpoint '/tp/xph3sle/xph3sle603/Security_lab/AES/synth/vivado/aes_ddr/aes_ddr.srcs/sources_1/bd/design_1/ip/design_1_axi_gpio_0_0/design_1_axi_gpio_0_0.dcp' for cell 'design_1_i/axi_gpio_0'
INFO: [Project 1-454] Reading design checkpoint '/tp/xph3sle/xph3sle603/Security_lab/AES/synth/vivado/aes_ddr/aes_ddr.srcs/sources_1/bd/design_1/ip/design_1_clk_wiz_1_0/design_1_clk_wiz_1_0.dcp' for cell 'design_1_i/clk_wiz_1'
INFO: [Project 1-454] Reading design checkpoint '/tp/xph3sle/xph3sle603/Security_lab/AES/synth/vivado/aes_ddr/aes_ddr.srcs/sources_1/bd/design_1/ip/design_1_mdm_1_0/design_1_mdm_1_0.dcp' for cell 'design_1_i/mdm_1'
INFO: [Project 1-454] Reading design checkpoint '/tp/xph3sle/xph3sle603/Security_lab/AES/synth/vivado/aes_ddr/aes_ddr.srcs/sources_1/bd/design_1/ip/design_1_microblaze_0_0/design_1_microblaze_0_0.dcp' for cell 'design_1_i/microblaze_0'
INFO: [Project 1-454] Reading design checkpoint '/tp/xph3sle/xph3sle603/Security_lab/AES/synth/vivado/aes_ddr/aes_ddr.srcs/sources_1/bd/design_1/ip/design_1_rst_clk_wiz_1_100M_0/design_1_rst_clk_wiz_1_100M_0.dcp' for cell 'design_1_i/rst_clk_wiz_1_100M'
INFO: [Project 1-454] Reading design checkpoint '/tp/xph3sle/xph3sle603/Security_lab/AES/synth/vivado/aes_ddr/aes_ddr.srcs/sources_1/bd/design_1/ip/design_1_xlconstant_0_0/design_1_xlconstant_0_0.dcp' for cell 'design_1_i/xlconstant_0'
INFO: [Project 1-454] Reading design checkpoint '/tp/xph3sle/xph3sle603/Security_lab/AES/synth/vivado/aes_ddr/aes_ddr.srcs/sources_1/bd/design_1/ip/design_1_xlconstant_1_0/design_1_xlconstant_1_0.dcp' for cell 'design_1_i/xlconstant_1'
INFO: [Project 1-454] Reading design checkpoint '/tp/xph3sle/xph3sle603/Security_lab/AES/synth/vivado/aes_ddr/aes_ddr.srcs/sources_1/bd/design_1/ip/design_1_xbar_0/design_1_xbar_0.dcp' for cell 'design_1_i/microblaze_0_axi_periph/xbar'
INFO: [Project 1-454] Reading design checkpoint '/tp/xph3sle/xph3sle603/Security_lab/AES/synth/vivado/aes_ddr/aes_ddr.srcs/sources_1/bd/design_1/ip/design_1_dlmb_bram_if_cntlr_0/design_1_dlmb_bram_if_cntlr_0.dcp' for cell 'design_1_i/microblaze_0_local_memory/dlmb_bram_if_cntlr'
INFO: [Project 1-454] Reading design checkpoint '/tp/xph3sle/xph3sle603/Security_lab/AES/synth/vivado/aes_ddr/aes_ddr.srcs/sources_1/bd/design_1/ip/design_1_dlmb_v10_0/design_1_dlmb_v10_0.dcp' for cell 'design_1_i/microblaze_0_local_memory/dlmb_v10'
INFO: [Project 1-454] Reading design checkpoint '/tp/xph3sle/xph3sle603/Security_lab/AES/synth/vivado/aes_ddr/aes_ddr.srcs/sources_1/bd/design_1/ip/design_1_ilmb_bram_if_cntlr_0/design_1_ilmb_bram_if_cntlr_0.dcp' for cell 'design_1_i/microblaze_0_local_memory/ilmb_bram_if_cntlr'
INFO: [Project 1-454] Reading design checkpoint '/tp/xph3sle/xph3sle603/Security_lab/AES/synth/vivado/aes_ddr/aes_ddr.srcs/sources_1/bd/design_1/ip/design_1_ilmb_v10_0/design_1_ilmb_v10_0.dcp' for cell 'design_1_i/microblaze_0_local_memory/ilmb_v10'
INFO: [Project 1-454] Reading design checkpoint '/tp/xph3sle/xph3sle603/Security_lab/AES/synth/vivado/aes_ddr/aes_ddr.srcs/sources_1/bd/design_1/ip/design_1_lmb_bram_0/design_1_lmb_bram_0.dcp' for cell 'design_1_i/microblaze_0_local_memory/lmb_bram'
INFO: [Netlist 29-17] Analyzing 148 Unisim elements for replacement
INFO: [Netlist 29-28] Unisim Transformation completed in 0 CPU seconds
INFO: [Project 1-479] Netlist was created with Vivado 2017.1
INFO: [Device 21-403] Loading part xc7z010clg400-1
INFO: [Project 1-570] Preparing netlist for logic optimization
Parsing XDC File [/tp/xph3sle/xph3sle603/Security_lab/AES/synth/vivado/aes_ddr/aes_ddr.srcs/sources_1/bd/design_1/ip/design_1_microblaze_0_0/design_1_microblaze_0_0.xdc] for cell 'design_1_i/microblaze_0/U0'
Finished Parsing XDC File [/tp/xph3sle/xph3sle603/Security_lab/AES/synth/vivado/aes_ddr/aes_ddr.srcs/sources_1/bd/design_1/ip/design_1_microblaze_0_0/design_1_microblaze_0_0.xdc] for cell 'design_1_i/microblaze_0/U0'
Parsing XDC File [/tp/xph3sle/xph3sle603/Security_lab/AES/synth/vivado/aes_ddr/aes_ddr.srcs/sources_1/bd/design_1/ip/design_1_mdm_1_0/design_1_mdm_1_0.xdc] for cell 'design_1_i/mdm_1/U0'
INFO: [Timing 38-35] Done setting XDC timing constraints. [/tp/xph3sle/xph3sle603/Security_lab/AES/synth/vivado/aes_ddr/aes_ddr.srcs/sources_1/bd/design_1/ip/design_1_mdm_1_0/design_1_mdm_1_0.xdc:50]
get_clocks: Time (s): cpu = 00:00:05 ; elapsed = 00:00:06 . Memory (MB): peak = 7058.734 ; gain = 532.523 ; free physical = 11620 ; free virtual = 24039
Finished Parsing XDC File [/tp/xph3sle/xph3sle603/Security_lab/AES/synth/vivado/aes_ddr/aes_ddr.srcs/sources_1/bd/design_1/ip/design_1_mdm_1_0/design_1_mdm_1_0.xdc] for cell 'design_1_i/mdm_1/U0'
Parsing XDC File [/tp/xph3sle/xph3sle603/Security_lab/AES/synth/vivado/aes_ddr/aes_ddr.srcs/sources_1/bd/design_1/ip/design_1_clk_wiz_1_0/design_1_clk_wiz_1_0_board.xdc] for cell 'design_1_i/clk_wiz_1/inst'
Finished Parsing XDC File [/tp/xph3sle/xph3sle603/Security_lab/AES/synth/vivado/aes_ddr/aes_ddr.srcs/sources_1/bd/design_1/ip/design_1_clk_wiz_1_0/design_1_clk_wiz_1_0_board.xdc] for cell 'design_1_i/clk_wiz_1/inst'
Parsing XDC File [/tp/xph3sle/xph3sle603/Security_lab/AES/synth/vivado/aes_ddr/aes_ddr.srcs/sources_1/bd/design_1/ip/design_1_clk_wiz_1_0/design_1_clk_wiz_1_0.xdc] for cell 'design_1_i/clk_wiz_1/inst'
INFO: [Timing 38-2] Deriving generated clocks [/tp/xph3sle/xph3sle603/Security_lab/AES/synth/vivado/aes_ddr/aes_ddr.srcs/sources_1/bd/design_1/ip/design_1_clk_wiz_1_0/design_1_clk_wiz_1_0.xdc:57]
Finished Parsing XDC File [/tp/xph3sle/xph3sle603/Security_lab/AES/synth/vivado/aes_ddr/aes_ddr.srcs/sources_1/bd/design_1/ip/design_1_clk_wiz_1_0/design_1_clk_wiz_1_0.xdc] for cell 'design_1_i/clk_wiz_1/inst'
Parsing XDC File [/tp/xph3sle/xph3sle603/Security_lab/AES/synth/vivado/aes_ddr/aes_ddr.srcs/sources_1/bd/design_1/ip/design_1_rst_clk_wiz_1_100M_0/design_1_rst_clk_wiz_1_100M_0_board.xdc] for cell 'design_1_i/rst_clk_wiz_1_100M/U0'
Finished Parsing XDC File [/tp/xph3sle/xph3sle603/Security_lab/AES/synth/vivado/aes_ddr/aes_ddr.srcs/sources_1/bd/design_1/ip/design_1_rst_clk_wiz_1_100M_0/design_1_rst_clk_wiz_1_100M_0_board.xdc] for cell 'design_1_i/rst_clk_wiz_1_100M/U0'
Parsing XDC File [/tp/xph3sle/xph3sle603/Security_lab/AES/synth/vivado/aes_ddr/aes_ddr.srcs/sources_1/bd/design_1/ip/design_1_rst_clk_wiz_1_100M_0/design_1_rst_clk_wiz_1_100M_0.xdc] for cell 'design_1_i/rst_clk_wiz_1_100M/U0'
Finished Parsing XDC File [/tp/xph3sle/xph3sle603/Security_lab/AES/synth/vivado/aes_ddr/aes_ddr.srcs/sources_1/bd/design_1/ip/design_1_rst_clk_wiz_1_100M_0/design_1_rst_clk_wiz_1_100M_0.xdc] for cell 'design_1_i/rst_clk_wiz_1_100M/U0'
Parsing XDC File [/tp/xph3sle/xph3sle603/Security_lab/AES/synth/vivado/aes_ddr/aes_ddr.srcs/sources_1/bd/design_1/ip/design_1_axi_gpio_0_0/design_1_axi_gpio_0_0_board.xdc] for cell 'design_1_i/axi_gpio_0/U0'
Finished Parsing XDC File [/tp/xph3sle/xph3sle603/Security_lab/AES/synth/vivado/aes_ddr/aes_ddr.srcs/sources_1/bd/design_1/ip/design_1_axi_gpio_0_0/design_1_axi_gpio_0_0_board.xdc] for cell 'design_1_i/axi_gpio_0/U0'
Parsing XDC File [/tp/xph3sle/xph3sle603/Security_lab/AES/synth/vivado/aes_ddr/aes_ddr.srcs/sources_1/bd/design_1/ip/design_1_axi_gpio_0_0/design_1_axi_gpio_0_0.xdc] for cell 'design_1_i/axi_gpio_0/U0'
Finished Parsing XDC File [/tp/xph3sle/xph3sle603/Security_lab/AES/synth/vivado/aes_ddr/aes_ddr.srcs/sources_1/bd/design_1/ip/design_1_axi_gpio_0_0/design_1_axi_gpio_0_0.xdc] for cell 'design_1_i/axi_gpio_0/U0'
Parsing XDC File [/tp/xph3sle/xph3sle603/Security_lab/AES/synth/vivado/aes_ddr/aes_ddr.srcs/sources_1/bd/design_1/ip/design_1_dlmb_v10_0/design_1_dlmb_v10_0.xdc] for cell 'design_1_i/microblaze_0_local_memory/dlmb_v10/U0'
Finished Parsing XDC File [/tp/xph3sle/xph3sle603/Security_lab/AES/synth/vivado/aes_ddr/aes_ddr.srcs/sources_1/bd/design_1/ip/design_1_dlmb_v10_0/design_1_dlmb_v10_0.xdc] for cell 'design_1_i/microblaze_0_local_memory/dlmb_v10/U0'
Parsing XDC File [/tp/xph3sle/xph3sle603/Security_lab/AES/synth/vivado/aes_ddr/aes_ddr.srcs/sources_1/bd/design_1/ip/design_1_ilmb_v10_0/design_1_ilmb_v10_0.xdc] for cell 'design_1_i/microblaze_0_local_memory/ilmb_v10/U0'
Finished Parsing XDC File [/tp/xph3sle/xph3sle603/Security_lab/AES/synth/vivado/aes_ddr/aes_ddr.srcs/sources_1/bd/design_1/ip/design_1_ilmb_v10_0/design_1_ilmb_v10_0.xdc] for cell 'design_1_i/microblaze_0_local_memory/ilmb_v10/U0'
Parsing XDC File [/tp/xph3sle/xph3sle603/Security_lab/AES/synth/vivado/aes_ddr/aes_ddr.srcs/constrs_1/new/test_aes_xdc.xdc]
Finished Parsing XDC File [/tp/xph3sle/xph3sle603/Security_lab/AES/synth/vivado/aes_ddr/aes_ddr.srcs/constrs_1/new/test_aes_xdc.xdc]
INFO: [Opt 31-138] Pushed 0 inverter(s) to 0 load pin(s).
Generating merged BMM file for the design top 'design_1_wrapper'...
INFO: [Memdata 28-144] Successfully populated the BRAM INIT strings from the following elf files: /tp/xph3sle/xph3sle603/Security_lab/AES/synth/vivado/aes_ddr/aes_ddr.srcs/sources_1/bd/design_1/ip/design_1_microblaze_0_0/data/mb_bootloop_le.elf 
INFO: [Project 1-111] Unisim Transformation Summary:
  A total of 96 instances were transformed.
  LUT6_2 => LUT6_2 (LUT5, LUT6): 80 instances
  RAM32M => RAM32M (RAMD32, RAMD32, RAMD32, RAMD32, RAMD32, RAMD32, RAMS32, RAMS32): 16 instances

open_run: Time (s): cpu = 00:00:18 ; elapsed = 00:00:16 . Memory (MB): peak = 7121.738 ; gain = 872.117 ; free physical = 11544 ; free virtual = 23946
write_hwdef -force  -file /tp/xph3sle/xph3sle603/Security_lab/AES/synth/vivado/aes_ddr/aes_ddr.sdk/design_1_wrapper.hdf
write_hwdef -force  -file /tp/xph3sle/xph3sle603/Security_lab/AES/synth/vivado/aes_ddr/aes_ddr.sdk/design_1_wrapper.hdf
exit
INFO: [Common 17-206] Exiting Vivado at Mon Nov 20 12:30:35 2017...
