
*** Running vivado
    with args -log design_1_lmb_bram_0.vds -m64 -product Vivado -mode batch -messageDb vivado.pb -notrace -source design_1_lmb_bram_0.tcl


****** Vivado v2017.1 (64-bit)
  **** SW Build 1846317 on Fri Apr 14 18:54:47 MDT 2017
  **** IP Build 1846188 on Fri Apr 14 20:52:08 MDT 2017
    ** Copyright 1986-2017 Xilinx, Inc. All Rights Reserved.

source design_1_lmb_bram_0.tcl -notrace
Starting RTL Elaboration : Time (s): cpu = 00:00:05 ; elapsed = 00:00:05 . Memory (MB): peak = 1182.934 ; gain = 69.004 ; free physical = 9719 ; free virtual = 21707
INFO: [Synth 8-638] synthesizing module 'design_1_lmb_bram_0' [/tp/xph3sle/xph3sle603/Security_lab/AES/synth/vivado/aes_ddr/aes_ddr.srcs/sources_1/bd/design_1/ip/design_1_lmb_bram_0/synth/design_1_lmb_bram_0.vhd:78]
INFO: [Synth 8-256] done synthesizing module 'design_1_lmb_bram_0' (11#1) [/tp/xph3sle/xph3sle603/Security_lab/AES/synth/vivado/aes_ddr/aes_ddr.srcs/sources_1/bd/design_1/ip/design_1_lmb_bram_0/synth/design_1_lmb_bram_0.vhd:78]
Finished RTL Elaboration : Time (s): cpu = 00:00:42 ; elapsed = 00:00:43 . Memory (MB): peak = 1386.328 ; gain = 272.398 ; free physical = 11581 ; free virtual = 23585
Finished RTL Optimization Phase 1 : Time (s): cpu = 00:00:42 ; elapsed = 00:00:44 . Memory (MB): peak = 1386.328 ; gain = 272.398 ; free physical = 11588 ; free virtual = 23592
INFO: [Device 21-403] Loading part xc7z010clg400-1
Constraint Validation Runtime : Time (s): cpu = 00:00:00.02 ; elapsed = 00:00:00.02 . Memory (MB): peak = 1575.727 ; gain = 1.000 ; free physical = 11371 ; free virtual = 23375
Finished Constraint Validation : Time (s): cpu = 00:00:48 ; elapsed = 00:00:51 . Memory (MB): peak = 1575.727 ; gain = 461.797 ; free physical = 11451 ; free virtual = 23455
Finished Loading Part and Timing Information : Time (s): cpu = 00:00:48 ; elapsed = 00:00:51 . Memory (MB): peak = 1575.727 ; gain = 461.797 ; free physical = 11451 ; free virtual = 23455
Finished applying 'set_property' XDC Constraints : Time (s): cpu = 00:00:48 ; elapsed = 00:00:51 . Memory (MB): peak = 1575.727 ; gain = 461.797 ; free physical = 11454 ; free virtual = 23457
Finished RTL Optimization Phase 2 : Time (s): cpu = 00:00:49 ; elapsed = 00:00:52 . Memory (MB): peak = 1575.727 ; gain = 461.797 ; free physical = 11445 ; free virtual = 23449
Finished Cross Boundary and Area Optimization : Time (s): cpu = 00:00:49 ; elapsed = 00:00:52 . Memory (MB): peak = 1575.727 ; gain = 461.797 ; free physical = 11436 ; free virtual = 23440
Finished Applying XDC Timing Constraints : Time (s): cpu = 00:00:53 ; elapsed = 00:00:56 . Memory (MB): peak = 1575.727 ; gain = 461.797 ; free physical = 11309 ; free virtual = 23313
Finished Timing Optimization : Time (s): cpu = 00:00:53 ; elapsed = 00:00:56 . Memory (MB): peak = 1575.727 ; gain = 461.797 ; free physical = 11308 ; free virtual = 23312
Finished Technology Mapping : Time (s): cpu = 00:00:53 ; elapsed = 00:00:56 . Memory (MB): peak = 1575.727 ; gain = 461.797 ; free physical = 11306 ; free virtual = 23310
Finished IO Insertion : Time (s): cpu = 00:00:53 ; elapsed = 00:00:57 . Memory (MB): peak = 1575.727 ; gain = 461.797 ; free physical = 11306 ; free virtual = 23310
Finished Renaming Generated Instances : Time (s): cpu = 00:00:53 ; elapsed = 00:00:57 . Memory (MB): peak = 1575.727 ; gain = 461.797 ; free physical = 11306 ; free virtual = 23310
Finished Rebuilding User Hierarchy : Time (s): cpu = 00:00:53 ; elapsed = 00:00:57 . Memory (MB): peak = 1575.727 ; gain = 461.797 ; free physical = 11306 ; free virtual = 23310
Finished Renaming Generated Ports : Time (s): cpu = 00:00:53 ; elapsed = 00:00:57 . Memory (MB): peak = 1575.727 ; gain = 461.797 ; free physical = 11306 ; free virtual = 23310
Finished Handling Custom Attributes : Time (s): cpu = 00:00:53 ; elapsed = 00:00:57 . Memory (MB): peak = 1575.727 ; gain = 461.797 ; free physical = 11306 ; free virtual = 23310
Finished Renaming Generated Nets : Time (s): cpu = 00:00:53 ; elapsed = 00:00:57 . Memory (MB): peak = 1575.727 ; gain = 461.797 ; free physical = 11306 ; free virtual = 23310

Report Cell Usage: 
+------+---------+------+
|      |Cell     |Count |
+------+---------+------+
|1     |RAMB36E1 |     8|
+------+---------+------+
Finished Writing Synthesis Report : Time (s): cpu = 00:00:53 ; elapsed = 00:00:57 . Memory (MB): peak = 1575.727 ; gain = 461.797 ; free physical = 11306 ; free virtual = 23310
synth_design: Time (s): cpu = 00:00:54 ; elapsed = 00:00:57 . Memory (MB): peak = 1575.727 ; gain = 474.379 ; free physical = 11334 ; free virtual = 23338
